<?xml version="1.0" encoding="UTF-8"?>
<testng-results ignored="0" total="2" passed="2" failed="0" skipped="0">
  <reporter-output>
  </reporter-output>
  <suite started-at="2024-06-17T19:11:48 IST" name="Default suite" finished-at="2024-06-17T19:11:48 IST" duration-ms="78">
    <groups>
    </groups>
    <test started-at="2024-06-17T19:11:48 IST" name="Default test" finished-at="2024-06-17T19:11:48 IST" duration-ms="78">
      <class name="Introduction.basic">
        <test-method signature="Demo()[pri:0, instance:Introduction.basic@7d8995e]" started-at="2024-06-17T19:11:48 IST" name="Demo" finished-at="2024-06-17T19:11:48 IST" duration-ms="12" status="PASS">
          <reporter-output>
          </reporter-output>
        </test-method> <!-- Demo -->
        <test-method signature="SecondTest()[pri:0, instance:Introduction.basic@7d8995e]" started-at="2024-06-17T19:11:48 IST" name="SecondTest" finished-at="2024-06-17T19:11:48 IST" duration-ms="2" status="PASS">
          <reporter-output>
          </reporter-output>
        </test-method> <!-- SecondTest -->
      </class> <!-- Introduction.basic -->
    </test> <!-- Default test -->
  </suite> <!-- Default suite -->
</testng-results>
